info: Server running on port port 3030
error: test
info: Server running on port port 3030
error: test
info: Server running on port port 3030
error: test
info: Server running on port port 3030
error: test
2018-12-05T23:09:51.108Z [Meow] info: Server running on port port 3030
2018-12-05T23:09:51.111Z [Meow] error: test
2018-12-05T23:10:03.427Z [Meow] info: Server running on port port 3030
2018-12-05T23:10:03.430Z [Meow] error: test
2018-12-05T23:11:49.321Z [Meow] info: Server running on port port 3030
2018-12-05T23:11:49.323Z [Meow] error: test
2018-12-05T23:12:20.476Z [Meow] info: Server running on port port 3030
2018-12-05T23:12:20.478Z [Meow] error: test
2018-12-05T23:13:25.087Z [undefined] info: Server running on port port 3030
2018-12-05T23:13:25.090Z [undefined] error: test
2018-12-05T23:14:08.100Z [undefined] info: Server running on port port 3030
2018-12-05T23:14:08.102Z [undefined] error: test
2018-12-05T23:14:17.973Z [undefined] info: Server running on port port 3030
2018-12-05T23:14:17.976Z [undefined] error: test
2018-12-05T23:14:37.297Z [undefined] info: Server running on port port 3030
2018-12-05T23:14:37.299Z [undefined] error: test
2018-12-05T23:15:28.322Z [undefined] info: Server running on port port 3030
2018-12-05T23:15:28.325Z [undefined] error: test
2018-12-05T23:15:50.922Z [undefined] info: Server running on port port 3030
2018-12-05T23:15:50.925Z [undefined] error: test
2018-12-05T23:16:07.405Z [App] info: Server running on port port 3030
2018-12-05T23:16:07.407Z [App] error: test
2018-12-05T23:16:15.804Z [App] info: Server running on port port 3030
2018-12-05T23:16:15.807Z [App] error: test
2018-12-05T23:17:50.928Z [App] [32minfo[39m: Server running on port port 3030
2018-12-05T23:17:50.930Z [App] [31merror[39m: test
2018-12-05T23:18:32.530Z [App] info: Server running on port port 3030
2018-12-05T23:18:32.533Z [App] error: test
2018-12-05T23:19:02.586Z [App] info: Server running on port port 3030
2018-12-05T23:19:35.394Z [App] info: Server running on port port 3030
2018-12-05T23:20:17.573Z [App] info: Server running on port port 3030
2018-12-05T23:20:37.816Z [App] info: Server running on port port 3030
2018-12-05T23:22:54.921Z [App] info: Server running on port port 3030
2018-12-05T23:46:03.025Z [App] info: Server running on port port 3030
2018-12-06T00:43:16.752Z [App] info: Server running on port port 3030
2018-12-06T00:44:43.660Z [App] info: Server running on port port 3030
2018-12-06T15:06:23.010Z [App] info: Server running on port port 3030
2018-12-06T15:07:30.692Z [App] info: Server running on port port 3030
2018-12-06T15:10:13.970Z [App] info: Server running on port port 3030
2018-12-06T15:11:34.560Z [App] info: Server running on port port 3030
2018-12-06T15:12:38.583Z [App] info: Server running on port port 3030
2018-12-06T15:13:35.106Z [App] info: Server running on port port 3030
2018-12-06T15:13:50.583Z [App] info: Server running on port port 3030
2018-12-06T15:15:10.121Z [App] info: Server running on port port 3030
2018-12-06T15:15:39.096Z [App] info: Server running on port port 3030
2018-12-06T15:16:09.566Z [App] info: Server running on port port 3030
2018-12-06T15:16:31.772Z [App] info: Server running on port port 3030
2018-12-06T16:00:20.928Z [App] info: Server running on port port 3030
2018-12-06T16:00:21.548Z [App] info: Server running on port port 3030
2018-12-06T16:05:15.838Z [App] info: Server running on port port 3030
2018-12-06T16:07:21.246Z [App] info: Server running on port port 3030
2018-12-06T16:07:33.782Z [App] info: Server running on port port 3030
2018-12-06T16:08:21.037Z [App] info: Server running on port port 3030
2018-12-06T16:08:45.342Z [App] info: Server running on port port 3030
2018-12-06T16:08:55.350Z [App] info: Server running on port port 3030
2018-12-06T16:10:15.348Z [App] info: Server running on port port 3030
2018-12-06T16:11:12.599Z [App] info: Server running on port port 3030
2018-12-06T16:11:37.152Z [App] info: Server running on port port 3030
2018-12-06T16:12:21.907Z [App] info: Server running on port port 3030
2018-12-06T16:13:59.220Z [App] info: Server running on port port 3030
2018-12-06T16:14:24.226Z [App] info: Server running on port port 3030
2018-12-06T16:18:24.147Z [App] info: Server running on port port 3030
2018-12-06T16:19:26.185Z [App] info: Server running on port port 3030
2018-12-06T16:20:05.781Z [App] info: Server running on port port 3030
2018-12-06T16:20:34.786Z [App] info: Server running on port port 3030
2018-12-06T16:22:54.480Z [App] info: Server running on port port 3030
2018-12-06T16:23:06.988Z [App] info: Server running on port port 3030
2018-12-06T16:23:19.744Z [App] info: Server running on port port 3030
2018-12-06T16:24:25.795Z [App] info: Server running on port port 3030
2018-12-06T16:24:52.104Z [App] info: Server running on port port 3030
2018-12-06T16:25:10.238Z [App] info: Server running on port port 3030
2018-12-06T16:26:26.326Z [App] info: Server running on port port 3030
2018-12-06T16:28:53.146Z [App] info: Server running on port port 3030
2018-12-06T16:29:09.319Z [App] info: Server running on port port 3030
2018-12-06T16:30:11.627Z [App] info: Server running on port port 3030
2018-12-06T16:30:15.195Z [App] info: Server running on port port 3030
2018-12-06T16:31:07.311Z [App] info: Server running on port port 3030
2018-12-06T16:31:41.647Z [App] info: Server running on port port 3030
2018-12-06T16:31:55.431Z [App] info: Server running on port port 3030
2018-12-06T16:32:48.723Z [App] info: Server running on port port 3030
2018-12-06T16:34:48.222Z [App] info: Server running on port port 3030
2018-12-06T16:36:30.778Z [App] info: Server running on port port 3030
2018-12-06T16:36:33.060Z [App] info: Server running on port port 3030
2018-12-06T16:39:48.131Z [App] info: Server running on port port 3030
2018-12-06T16:40:41.023Z [App] info: Server running on port port 3030
2018-12-06T16:40:57.638Z [App] info: Server running on port port 3030
2018-12-06T20:46:34.234Z [App] info: Server running on port port 3030
2018-12-06T20:49:29.430Z [App] info: Server running on port port 3030
2018-12-06T20:49:57.741Z [App] info: Server running on port port 3030
2018-12-06T20:56:37.002Z [App] info: Server running on port port 3030
2018-12-07T14:31:06.452Z [App] info: Server running on port port 3030
2018-12-11T21:31:14.195Z [App] info: Server running on port port 3030
2018-12-12T08:54:17.225Z [App] info: Server running on port port 3030
2018-12-12T11:01:06.808Z [App] info: Server running on port port 3030
2018-12-12T11:01:40.474Z [App] info: Server running on port port 3030
2018-12-12T11:02:07.415Z [App] info: Server running on port port 3030
2018-12-12T11:02:19.821Z [App] info: Server running on port port 3030
2018-12-12T11:02:43.968Z [App] info: Server running on port port 3030
2018-12-12T11:04:18.782Z [App] info: Server running on port port 3030
2018-12-13T06:09:53.400Z [App] info: Server running on port port 3030
